c:\github\programing\gametemplate2\tkengine\debugobjects\tkengine.pch
c:\github\programing\gametemplate2\tkengine\debugobjects\tkengine.pdb
c:\github\programing\gametemplate2\tkengine\debugobjects\tkengine.idb
c:\github\programing\gametemplate2\tkengine\debugobjects\tkengineprecompile.obj
c:\github\programing\gametemplate2\tkengine\debugobjects\tkdirectionlight.obj
c:\github\programing\gametemplate2\tkengine\debugobjects\tklightbase.obj
c:\github\programing\gametemplate2\tkengine\debugobjects\tklightmanager.obj
c:\github\programing\gametemplate2\tkengine\debugobjects\tkpointlight.obj
c:\github\programing\gametemplate2\tkengine\debugobjects\tkaabb.obj
c:\github\programing\gametemplate2\tkengine\debugobjects\tkmath.obj
c:\github\programing\gametemplate2\tkengine\debugobjects\tkmatrix.obj
c:\github\programing\gametemplate2\tkengine\debugobjects\tkvector.obj
c:\github\programing\gametemplate2\tkengine\debugobjects\tkboxcollider.obj
c:\github\programing\gametemplate2\tkengine\debugobjects\tkcapsulecollider.obj
c:\github\programing\gametemplate2\tkengine\debugobjects\tkmeshcollider.obj
c:\github\programing\gametemplate2\tkengine\debugobjects\tkphysics.obj
c:\github\programing\gametemplate2\tkengine\debugobjects\tkrigidbody.obj
c:\github\programing\gametemplate2\tkengine\debugobjects\tkspherecollider.obj
c:\github\programing\gametemplate2\tkengine\debugobjects\tkshaderresources.obj
c:\github\programing\gametemplate2\tkengine\debugobjects\tksoundengine.obj
c:\github\programing\gametemplate2\tkengine\debugobjects\tksoundsource.obj
c:\github\programing\gametemplate2\tkengine\debugobjects\tkwavefile.obj
c:\github\programing\gametemplate2\tkengine\debugobjects\tkwavefilebank.obj
c:\github\programing\gametemplate2\tkengine\debugobjects\tkengine.obj
c:\github\programing\gametemplate2\tkengine\debugobjects\tkposteffect.obj
c:\github\programing\gametemplate2\tkengine\debugobjects\tktonemap.obj
c:\github\programing\gametemplate2\tkengine\debugobjects\tklightculling.obj
c:\github\programing\gametemplate2\tkengine\debugobjects\tkprerender.obj
c:\github\programing\gametemplate2\tkengine\debugobjects\tkshadowcaster.obj
c:\github\programing\gametemplate2\tkengine\debugobjects\tkshadowmap.obj
c:\github\programing\gametemplate2\tkengine\debugobjects\tkzprepass.obj
c:\github\programing\gametemplate2\tkengine\debugobjects\tkcamera.obj
c:\github\programing\gametemplate2\tkengine\debugobjects\tkgpueventmarker.obj
c:\github\programing\gametemplate2\tkengine\debugobjects\tkgraphicsengine.obj
c:\github\programing\gametemplate2\tkengine\debugobjects\tkpresetrenderstate.obj
c:\github\programing\gametemplate2\tkengine\debugobjects\tkprimitive.obj
c:\github\programing\gametemplate2\tkengine\debugobjects\tkrendercontext.obj
c:\github\programing\gametemplate2\tkengine\debugobjects\tkrendertarget.obj
c:\github\programing\gametemplate2\tkengine\debugobjects\tksamplerstate.obj
c:\github\programing\gametemplate2\tkengine\debugobjects\tkshader.obj
c:\github\programing\gametemplate2\tkengine\debugobjects\tkskeleton.obj
c:\github\programing\gametemplate2\tkengine\debugobjects\tkskinmodel.obj
c:\github\programing\gametemplate2\tkengine\debugobjects\tkskinmodeldata.obj
c:\github\programing\gametemplate2\tkengine\debugobjects\tkpad.obj
c:\github\programing\gametemplate2\tkengine\debugobjects\tkcameracollisionsolver.obj
c:\github\programing\gametemplate2\tkengine\debugobjects\tkspringcamera.obj
c:\github\programing\gametemplate2\tkengine\debugobjects\tkcharactercontroller.obj
c:\github\programing\gametemplate2\tkengine\debugobjects\tkobjectfrustumculling.obj
c:\github\programing\gametemplate2\tkengine\debugobjects\tkgameobject.obj
c:\github\programing\gametemplate2\tkengine\debugobjects\tkgameobjectmanager.obj
c:\github\programing\gametemplate2\tkengine\debugobjects\tktransform.obj
c:\github\programing\gametemplate2\tkengine\debugobjects\tksprite.obj
c:\github\programing\gametemplate2\tkengine\debugobjects\tkanimation.obj
c:\github\programing\gametemplate2\tkengine\debugobjects\tkanimationclip.obj
c:\github\programing\gametemplate2\tkengine\debugobjects\tkanimationplaycontroller.obj
c:\github\programing\gametemplate2\tkengine\debugobjects\tkconstantbuffer.obj
c:\github\programing\gametemplate2\tkengine\debugobjects\tkgpubuffer.obj
c:\github\programing\gametemplate2\tkengine\debugobjects\tkindexbuffer.obj
c:\github\programing\gametemplate2\tkengine\debugobjects\tkstructuredbuffer.obj
c:\github\programing\gametemplate2\tkengine\debugobjects\tkvertexbuffer.obj
c:\github\programing\gametemplate2\tkengine\debugobjects\tkshaderresourceview.obj
c:\github\programing\gametemplate2\tkengine\debugobjects\tkunorderedaccessview.obj
c:\github\programing\gametemplate2\tkengine\debugobjects\tkbloom.obj
c:\github\programing\gametemplate2\tkengine\debugobjects\tkfxaa.obj
c:\github\programing\gametemplate2\game\debug\tkengine.lib
c:\github\programing\gametemplate2\game\debug\tkengine.pdb
c:\github\programing\gametemplate2\tkengine\debugobjects\tkengine.tlog\cl.command.1.tlog
c:\github\programing\gametemplate2\tkengine\debugobjects\tkengine.tlog\cl.read.1.tlog
c:\github\programing\gametemplate2\tkengine\debugobjects\tkengine.tlog\cl.write.1.tlog
c:\github\programing\gametemplate2\tkengine\debugobjects\tkengine.tlog\lib-link.read.1.tlog
c:\github\programing\gametemplate2\tkengine\debugobjects\tkengine.tlog\lib-link.write.1.tlog
c:\github\programing\gametemplate2\tkengine\debugobjects\tkengine.tlog\lib.command.1.tlog
