cl : コマンド ライン warning D9002: 不明なオプション '/arch:SSE' を無視します
  btCollisionShape.cpp
  btCompoundShape.cpp
  btConcaveShape.cpp
  btConeShape.cpp
  btConvex2dShape.cpp
  btConvexHullShape.cpp
  btConvexInternalShape.cpp
  btConvexPointCloudShape.cpp
  btConvexPolyhedron.cpp
  btConvexShape.cpp
  btConvexTriangleMeshShape.cpp
  btCylinderShape.cpp
  btEmptyShape.cpp
  btHeightfieldTerrainShape.cpp
  btMinkowskiSumShape.cpp
  btMultiSphereShape.cpp
  btMultimaterialTriangleMeshShape.cpp
  btOptimizedBvh.cpp
  btPolyhedralConvexShape.cpp
  btScaledBvhTriangleMeshShape.cpp
  コードを生成中...
  コンパイル中...
  btShapeHull.cpp
  btSphereShape.cpp
  btStaticPlaneShape.cpp
  btStridingMeshInterface.cpp
  btTetrahedronShape.cpp
  btTriangleBuffer.cpp
  btTriangleCallback.cpp
  btTriangleIndexVertexArray.cpp
  btTriangleIndexVertexMaterialArray.cpp
  btTriangleMesh.cpp
  btTriangleMeshShape.cpp
  btUniformScalingShape.cpp
  btContactProcessing.cpp
  btGImpactBvh.cpp
  btGImpactCollisionAlgorithm.cpp
  btGImpactQuantizedBvh.cpp
  btGImpactShape.cpp
  btGenericPoolAllocator.cpp
  btTriangleShapeEx.cpp
  gim_box_set.cpp
  コードを生成中...
  コンパイル中...
  gim_contact.cpp
  gim_memory.cpp
  gim_tri_collision.cpp
  btContinuousConvexCollision.cpp
  btConvexCast.cpp
  btGjkConvexCast.cpp
  btGjkEpa2.cpp
  btGjkEpaPenetrationDepthSolver.cpp
  btGjkPairDetector.cpp
  btMinkowskiPenetrationDepthSolver.cpp
  btPersistentManifold.cpp
  btPolyhedralContactClipping.cpp
  btRaycastCallback.cpp
  btSubSimplexConvexCast.cpp
  btVoronoiSimplexSolver.cpp
  コードを生成中...
  BulletCollision.vcxproj -> C:\Users\localuser\Documents\GitHub\Programing\UnityChanDemo\x64\Release\BulletCollision.lib
