  Building Custom Rule C:/Users/KIYOHARA/Documents/bullet3-2.83.7/examples/OpenGLWindow/CMakeLists.txt
  CMake does not need to re-run because C:\Users\KIYOHARA\Documents\bullet3-2.83.7\examples\OpenGLWindow\CMakeFiles\generate.stamp is up-to-date.
  glew.c
  Win32OpenGLWindow.cpp
  Win32Window.cpp
C:\Users\KIYOHARA\Documents\bullet3-2.83.7\examples\OpenGLWindow\Win32Window.cpp(272): warning C4244: 'argument': conversion from 'int' to 'float', possible loss of data
C:\Users\KIYOHARA\Documents\bullet3-2.83.7\examples\OpenGLWindow\Win32Window.cpp(286): warning C4244: 'argument': conversion from 'int' to 'float', possible loss of data
C:\Users\KIYOHARA\Documents\bullet3-2.83.7\examples\OpenGLWindow\Win32Window.cpp(302): warning C4244: 'argument': conversion from 'int' to 'float', possible loss of data
C:\Users\KIYOHARA\Documents\bullet3-2.83.7\examples\OpenGLWindow\Win32Window.cpp(319): warning C4244: 'argument': conversion from 'int' to 'float', possible loss of data
C:\Users\KIYOHARA\Documents\bullet3-2.83.7\examples\OpenGLWindow\Win32Window.cpp(357): warning C4244: 'argument': conversion from 'int' to 'float', possible loss of data
C:\Users\KIYOHARA\Documents\bullet3-2.83.7\examples\OpenGLWindow\Win32Window.cpp(368): warning C4244: 'argument': conversion from 'int' to 'float', possible loss of data
C:\Users\KIYOHARA\Documents\bullet3-2.83.7\examples\OpenGLWindow\Win32Window.cpp(379): warning C4244: 'argument': conversion from 'int' to 'float', possible loss of data
C:\Users\KIYOHARA\Documents\bullet3-2.83.7\examples\OpenGLWindow\Win32Window.cpp(411): warning C4244: 'argument': conversion from 'int' to 'float', possible loss of data
C:\Users\KIYOHARA\Documents\bullet3-2.83.7\examples\OpenGLWindow\Win32Window.cpp(778): warning C4244: 'argument': conversion from 'int' to 'float', possible loss of data
  fontstash.cpp
  GLInstancingRenderer.cpp
  GLPrimitiveRenderer.cpp
C:\Users\KIYOHARA\Documents\bullet3-2.83.7\examples\OpenGLWindow\GLPrimitiveRenderer.cpp(315): warning C4800: 'int': forcing value to bool 'true' or 'false' (performance warning)
  GLRenderToTexture.cpp
  LoadShader.cpp
  opengl_fontstashcallbacks.cpp
  OpenSans.cpp
  SimpleCamera.cpp
C:\Users\KIYOHARA\Documents\bullet3-2.83.7\examples\OpenGLWindow\SimpleCamera.cpp(42): warning C4316: 'SimpleCameraInternalData': object allocated on the heap may not be aligned 16
  SimpleOpenGL2App.cpp
c:\users\kiyohara\documents\bullet3-2.83.7\examples\openglwindow\TwFonts.h : warning C4819: The file contains a character that cannot be represented in the current code page (932). Save the file in Unicode format to prevent data loss
  SimpleOpenGL2Renderer.cpp
  SimpleOpenGL3App.cpp
c:\users\kiyohara\documents\bullet3-2.83.7\examples\openglwindow\TwFonts.h : warning C4819: The file contains a character that cannot be represented in the current code page (932). Save the file in Unicode format to prevent data loss
C:\Users\KIYOHARA\Documents\bullet3-2.83.7\examples\OpenGLWindow\SimpleOpenGL3App.cpp(775): warning C4244: 'argument': conversion from 'float' to 'GLsizei', possible loss of data
C:\Users\KIYOHARA\Documents\bullet3-2.83.7\examples\OpenGLWindow\SimpleOpenGL3App.cpp(782): warning C4244: 'argument': conversion from 'float' to 'int', possible loss of data
  TwFonts.cpp
c:\users\kiyohara\documents\bullet3-2.83.7\examples\openglwindow\TwFonts.h : warning C4819: The file contains a character that cannot be represented in the current code page (932). Save the file in Unicode format to prevent data loss
  Generating Code...
  OpenGLWindow.vcxproj -> C:\Users\KIYOHARA\Documents\bullet3-2.83.7\lib\Debug\OpenGLWindow_Debug.lib
