  btKinematicCharacterController.cpp
  btConeTwistConstraint.cpp
ConstraintSolver\btConeTwistConstraint.cpp(868): warning C4244: '=': conversion from 'double' to 'btScalar', possible loss of data
ConstraintSolver\btConeTwistConstraint.cpp(913): warning C4244: '=': conversion from 'double' to 'float', possible loss of data
ConstraintSolver\btConeTwistConstraint.cpp(973): warning C4244: '=': conversion from 'double' to 'btScalar', possible loss of data
ConstraintSolver\btConeTwistConstraint.cpp(975): warning C4244: '=': conversion from 'double' to 'btScalar', possible loss of data
  btContactConstraint.cpp
c:\github\programing\gametemplate2\tkengine\bulletphysics\src\bulletdynamics\constraintsolver\btContactConstraint.h(25): warning C4359: 'btContactConstraint': Alignment specifier is less than actual alignment (128), and will be ignored.
  btFixedConstraint.cpp
  btGearConstraint.cpp
  btGeneric6DofConstraint.cpp
  btGeneric6DofSpring2Constraint.cpp
ConstraintSolver\btGeneric6DofSpring2Constraint.cpp(786): warning C4244: 'initializing': conversion from 'double' to 'btScalar', possible loss of data
  btGeneric6DofSpringConstraint.cpp
  btHinge2Constraint.cpp
  btHingeConstraint.cpp
  btNNCGConstraintSolver.cpp
  btPoint2PointConstraint.cpp
  btSequentialImpulseConstraintSolver.cpp
  btSliderConstraint.cpp
  btSolve2LinearConstraint.cpp
  btTypedConstraint.cpp
  btUniversalConstraint.cpp
  btDiscreteDynamicsWorld.cpp
C:\GitHub\Programing\GameTemplate2\tkEngine\bulletPhysics\src\BulletDynamics/ConstraintSolver/btContactConstraint.h(25): warning C4359: 'btContactConstraint': Alignment specifier is less than actual alignment (128), and will be ignored.
  btRigidBody.cpp
  btSimpleDynamicsWorld.cpp
  Generating Code...
  Compiling...
  btMultiBody.cpp
  btMultiBodyConstraint.cpp
  btMultiBodyConstraintSolver.cpp
  btMultiBodyDynamicsWorld.cpp
  btMultiBodyJointLimitConstraint.cpp
Featherstone\btMultiBodyJointLimitConstraint.cpp(114): warning C4244: 'initializing': conversion from 'int' to 'btScalar', possible loss of data
  btMultiBodyJointMotor.cpp
  btMultiBodyPoint2Point.cpp
  btDantzigLCP.cpp
MLCPSolvers\btDantzigLCP.cpp(1568): warning C4473: 'printf' : not enough arguments passed for format string
  MLCPSolvers\btDantzigLCP.cpp(1568): note: placeholders and their parameters expect 2 variadic arguments, but 1 were provided
  MLCPSolvers\btDantzigLCP.cpp(1568): note: the missing variadic argument 2 is required by format string '% s'
  btLemkeAlgorithm.cpp
  btMLCPSolver.cpp
  btRaycastVehicle.cpp
C:\GitHub\Programing\GameTemplate2\tkEngine\bulletPhysics\src\BulletDynamics/ConstraintSolver/btContactConstraint.h(25): warning C4359: 'btContactConstraint': Alignment specifier is less than actual alignment (128), and will be ignored.
  btWheelInfo.cpp
  Generating Code...
  BulletDynamics.vcxproj -> C:\GitHub\Programing\GameTemplate2\Game\Debug\BulletDynamics_Debug.lib
