cl : コマンド ライン warning D9002: 不明なオプション '/arch:SSE2' を無視します
cl : コマンド ライン warning D9002: 不明なオプション '/arch:SSE2' を無視します
  Culling3D.Grid.cpp
c:\github\programing\tkengine2\gametemplate\tkengine\effekseerruntime130\src\effekseer\effekseer\culling\Culling3D.h(152): warning C4244: 'return': 'double' から 'float' への変換です。データが失われる可能性があります。 (ソース ファイルをコンパイルしています Effekseer\Culling\Culling3D.Grid.cpp)
cl : コマンド ライン warning D9002: 不明なオプション '/arch:SSE2' を無視します
  Culling3D.Layer.cpp
cl : コマンド ライン warning D9002: 不明なオプション '/arch:SSE2' を無視します
  Culling3D.Matrix44.cpp
c:\github\programing\tkengine2\gametemplate\tkengine\effekseerruntime130\src\effekseer\effekseer\culling\Culling3D.h(152): warning C4244: 'return': 'double' から 'float' への変換です。データが失われる可能性があります。 (ソース ファイルをコンパイルしています Effekseer\Culling\Culling3D.Layer.cpp)
c:\github\programing\tkengine2\gametemplate\tkengine\effekseerruntime130\src\effekseer\effekseer\culling\Culling3D.h(152): warning C4244: 'return': 'double' から 'float' への変換です。データが失われる可能性があります。 (ソース ファイルをコンパイルしています Effekseer\Culling\Culling3D.Matrix44.cpp)
  Culling3D.ObjectInternal.cpp
cl : コマンド ライン warning D9002: 不明なオプション '/arch:SSE2' を無視します
  Culling3D.ReferenceObject.cpp
Effekseer\Culling\Culling3D.Grid.cpp(20): warning C4267: '=': 'size_t' から 'int32_t' に変換しました。データが失われているかもしれません。
c:\github\programing\tkengine2\gametemplate\tkengine\effekseerruntime130\src\effekseer\effekseer\culling\Culling3D.h(152): warning C4244: 'return': 'double' から 'float' への変換です。データが失われる可能性があります。 (ソース ファイルをコンパイルしています Effekseer\Culling\Culling3D.ObjectInternal.cpp)
c:\github\programing\tkengine2\gametemplate\tkengine\effekseerruntime130\src\effekseer\effekseer\culling\Culling3D.ObjectInternal.h(41): warning C4244: '=': 'double' から 'float' への変換です。データが失われる可能性があります。 (ソース ファイルをコンパイルしています Effekseer\Culling\Culling3D.ObjectInternal.cpp)
c:\github\programing\tkengine2\gametemplate\tkengine\effekseerruntime130\src\effekseer\effekseer\culling\Culling3D.h(152): warning C4244: 'return': 'double' から 'float' への変換です。データが失われる可能性があります。 (ソース ファイルをコンパイルしています Effekseer\Culling\Culling3D.ReferenceObject.cpp)
  Culling3D.Vector3DF.cpp
c:\github\programing\tkengine2\gametemplate\tkengine\effekseerruntime130\src\effekseer\effekseer\culling\Culling3D.h(152): warning C4244: 'return': 'double' から 'float' への変換です。データが失われる可能性があります。 (ソース ファイルをコンパイルしています Effekseer\Culling\Culling3D.Vector3DF.cpp)
Effekseer\Culling\Culling3D.Vector3DF.cpp(120): warning C4244: 'return': 'double' から 'float' への変換です。データが失われる可能性があります。
  Culling3D.WorldInternal.cpp
c:\github\programing\tkengine2\gametemplate\tkengine\effekseerruntime130\src\effekseer\effekseer\culling\Culling3D.WorldInternal.h(56): warning C4267: 'return': 'size_t' から 'int32_t' に変換しました。データが失われているかもしれません。 (ソース ファイルをコンパイルしています Effekseer\Culling\Culling3D.ObjectInternal.cpp)
  Effekseer.Client.cpp
  Effekseer.Color.cpp
c:\github\programing\tkengine2\gametemplate\tkengine\effekseerruntime130\src\effekseer\effekseer\culling\Culling3D.h(152): warning C4244: 'return': 'double' から 'float' への変換です。データが失われる可能性があります。 (ソース ファイルをコンパイルしています Effekseer\Culling\Culling3D.WorldInternal.cpp)
  Effekseer.CriticalSection.cpp
c:\github\programing\tkengine2\gametemplate\tkengine\effekseerruntime130\src\effekseer\effekseer\culling\Culling3D.WorldInternal.h(56): warning C4267: 'return': 'size_t' から 'int32_t' に変換しました。データが失われているかもしれません。 (ソース ファイルをコンパイルしています Effekseer\Culling\Culling3D.WorldInternal.cpp)
  Effekseer.DefaultEffectLoader.cpp
Effekseer\Effekseer.Client.cpp(186): warning C4267: '初期化中': 'size_t' から 'int32_t' に変換しました。データが失われているかもしれません。
Effekseer\Effekseer.Client.cpp(229): warning C4267: '引数': 'size_t' から 'int32_t' に変換しました。データが失われているかもしれません。
  Effekseer.DefaultFile.cpp
  Effekseer.Effect.cpp
  Effekseer.EffectNode.cpp
Effekseer\Effekseer.DefaultEffectLoader.cpp(47): warning C4267: '=': 'size_t' から 'int32_t' に変換しました。データが失われているかもしれません。
  Effekseer.EffectNodeModel.cpp
c:\github\programing\tkengine2\gametemplate\tkengine\effekseerruntime130\src\effekseer\effekseer\Effekseer.ManagerImplemented.h(564): warning C4267: 'return': 'size_t' から 'int32_t' に変換しました。データが失われているかもしれません。 (ソース ファイルをコンパイルしています Effekseer\Effekseer.Effect.cpp)
  Effekseer.EffectNodeRibbon.cpp
  Effekseer.EffectNodeRing.cpp
  Effekseer.EffectNodeRoot.cpp
  Effekseer.EffectNodeSprite.cpp
  Effekseer.EffectNodeTrack.cpp
  Effekseer.FCurves.cpp
  Effekseer.Instance.cpp
Effekseer\Effekseer.EffectNodeTrack.cpp(141): warning C4244: '初期化中': 'const float' から 'int32_t' への変換です。データが失われる可能性があります。
Effekseer\Effekseer.EffectNodeTrack.cpp(142): warning C4244: '初期化中': 'const float' から 'int32_t' への変換です。データが失われる可能性があります。
Effekseer\Effekseer.EffectNodeTrack.cpp(204): warning C4244: '初期化中': 'float' から 'int32_t' への変換です。データが失われる可能性があります。
Effekseer\Effekseer.EffectNodeTrack.cpp(205): warning C4244: '初期化中': 'float' から 'int32_t' への変換です。データが失われる可能性があります。
Effekseer\Effekseer.EffectNodeTrack.cpp(233): warning C4244: '初期化中': 'float' から 'int32_t' への変換です。データが失われる可能性があります。
Effekseer\Effekseer.EffectNodeTrack.cpp(234): warning C4244: '初期化中': 'float' から 'int32_t' への変換です。データが失われる可能性があります。
  Effekseer.InstanceContainer.cpp
  Effekseer.InstanceGlobal.cpp
c:\github\programing\tkengine2\gametemplate\tkengine\effekseerruntime130\src\effekseer\effekseer\Effekseer.ManagerImplemented.h(564): warning C4267: 'return': 'size_t' から 'int32_t' に変換しました。データが失われているかもしれません。 (ソース ファイルをコンパイルしています Effekseer\Effekseer.Instance.cpp)
Effekseer\Effekseer.Instance.cpp(1373): warning C4244: '引数': 'float' から 'int32_t' への変換です。データが失われる可能性があります。
Effekseer\Effekseer.Instance.cpp(1374): warning C4244: '引数': 'float' から 'int32_t' への変換です。データが失われる可能性があります。
Effekseer\Effekseer.Instance.cpp(1375): warning C4244: '引数': 'float' から 'int32_t' への変換です。データが失われる可能性があります。
Effekseer\Effekseer.Instance.cpp(1376): warning C4244: '引数': 'float' から 'int32_t' への変換です。データが失われる可能性があります。
  Effekseer.InstanceGroup.cpp
  Effekseer.Setting.cpp
Effekseer\Effekseer.InstanceContainer.cpp(27): warning C4267: '引数': 'size_t' から 'unsigned int' に変換しました。データが失われているかもしれません。
  Effekseer.Manager.cpp
c:\github\programing\tkengine2\gametemplate\tkengine\effekseerruntime130\src\effekseer\effekseer\Effekseer.ManagerImplemented.h(564): warning C4267: 'return': 'size_t' から 'int32_t' に変換しました。データが失われているかもしれません。 (ソース ファイルをコンパイルしています Effekseer\Effekseer.InstanceGroup.cpp)
  Effekseer.Matrix43.cpp
  Effekseer.Matrix44.cpp
  Effekseer.RectF.cpp
c:\github\programing\tkengine2\gametemplate\tkengine\effekseerruntime130\src\effekseer\effekseer\Effekseer.ManagerImplemented.h(564): warning C4267: 'return': 'size_t' から 'int32_t' に変換しました。データが失われているかもしれません。 (ソース ファイルをコンパイルしています Effekseer\Effekseer.Manager.cpp)
  Effekseer.Server.cpp
  Effekseer.Socket.cpp
  Effekseer.Thread.cpp
  Effekseer.Vector2D.cpp
  Effekseer.Vector3D.cpp
Effekseer\Effekseer.Server.cpp(276): warning C4267: '初期化中': 'size_t' から 'int32_t' に変換しました。データが失われているかもしれません。
Effekseer\Effekseer.Server.cpp(316): warning C4267: '引数': 'size_t' から 'int32_t' に変換しました。データが失われているかもしれません。
Effekseer\Effekseer.Server.cpp(320): warning C4267: '引数': 'size_t' から 'int32_t' に変換しました。データが失われているかもしれません。
Effekseer\Effekseer.Server.cpp(387): warning C4267: '初期化中': 'size_t' から 'int32_t' に変換しました。データが失われているかもしれません。
Effekseer\Effekseer.Server.cpp(403): warning C4267: '引数': 'size_t' から 'int32_t' に変換しました。データが失われているかもしれません。
Effekseer\Effekseer.Server.cpp(407): warning C4267: '引数': 'size_t' から 'int32_t' に変換しました。データが失われているかもしれません。
  Effekseer.vcxproj -> C:\GitHub\Programing\tkEngine2\GameTemplate\tkEngine\EffekseerRuntime130\src\Effekseer\..\lib\x64\Effekseer.Release.lib
