c:\github\programing\physicsdemo\tkengine\releaseobjects\tkengine.pch
c:\github\programing\physicsdemo\tkengine\releaseobjects\tkengine.pdb
c:\github\programing\physicsdemo\tkengine\releaseobjects\tkengineprecompile.obj
c:\github\programing\physicsdemo\tkengine\releaseobjects\tkmath.obj
c:\github\programing\physicsdemo\tkengine\releaseobjects\tkvertexbuffer.obj
c:\github\programing\physicsdemo\tkengine\releaseobjects\tkrendertarget.obj
c:\github\programing\physicsdemo\tkengine\releaseobjects\tkrendercontext.obj
c:\github\programing\physicsdemo\tkengine\releaseobjects\tkrendercommandbuffer.obj
c:\github\programing\physicsdemo\tkengine\releaseobjects\tkprimitive.obj
c:\github\programing\physicsdemo\tkengine\releaseobjects\tkmaterial.obj
c:\github\programing\physicsdemo\tkengine\releaseobjects\tkindexbuffer.obj
c:\github\programing\physicsdemo\tkengine\releaseobjects\tkeffectmanager.obj
c:\github\programing\physicsdemo\tkengine\releaseobjects\tkeffect.obj
c:\github\programing\physicsdemo\tkengine\releaseobjects\tkcamera.obj
c:\github\programing\physicsdemo\tkengine\releaseobjects\tkshadowmap.obj
c:\github\programing\physicsdemo\tkengine\releaseobjects\tkprerender.obj
c:\github\programing\physicsdemo\tkengine\releaseobjects\tkidmap.obj
c:\github\programing\physicsdemo\tkengine\releaseobjects\tkposteffect.obj
c:\github\programing\physicsdemo\tkengine\releaseobjects\tkedgerender.obj
c:\github\programing\physicsdemo\tkengine\releaseobjects\tkbloomrender.obj
c:\github\programing\physicsdemo\tkengine\releaseobjects\tkgameobjectmanager.obj
c:\github\programing\physicsdemo\tkengine\releaseobjects\tkgameobject.obj
c:\github\programing\physicsdemo\tkengine\releaseobjects\tkkeyinput.obj
c:\github\programing\physicsdemo\tkengine\releaseobjects\tkengine.obj
c:\github\programing\physicsdemo\tkengine\releaseobjects\tksphereshape.obj
c:\github\programing\physicsdemo\tkengine\releaseobjects\tkshapebase.obj
c:\github\programing\physicsdemo\tkengine\releaseobjects\tkboxshape.obj
c:\github\programing\physicsdemo\tkengine\releaseobjects\tkvector.obj
c:\github\programing\physicsdemo\tkengine\releaseobjects\tkmatrix.obj
c:\github\programing\physicsdemo\release\tkengine.lib
c:\github\programing\physicsdemo\tkengine\releaseobjects\tkengine.tlog\cl.command.1.tlog
c:\github\programing\physicsdemo\tkengine\releaseobjects\tkengine.tlog\cl.read.1.tlog
c:\github\programing\physicsdemo\tkengine\releaseobjects\tkengine.tlog\cl.write.1.tlog
c:\github\programing\physicsdemo\tkengine\releaseobjects\tkengine.tlog\lib-link.read.1.tlog
c:\github\programing\physicsdemo\tkengine\releaseobjects\tkengine.tlog\lib-link.write.1.tlog
c:\github\programing\physicsdemo\tkengine\releaseobjects\tkengine.tlog\lib.command.1.tlog
