  tkEnginePreCompile.cpp
  tkKeyInput.cpp
  tkGameObject.cpp
  tkgameobjectmanager.cpp
  tkBloomRender.cpp
  tkEdgeRender.cpp
  tkPostEffect.cpp
  tkIDMap.cpp
  tkPreRender.cpp
  tkShadowMap.cpp
  tkCamera.cpp
  tkEffect.cpp
  tkEffectManager.cpp
  tkIndexBuffer.cpp
  tkMaterial.cpp
  tkPrimitive.cpp
  tkRenderCommandBuffer.cpp
  tkRenderContext.cpp
  tkRenderTarget.cpp
  tkVertexBuffer.cpp
  tkMath.cpp
  Compiling...
  tkMatrix.cpp
  tkVector.cpp
  tkBoxShape.cpp
  tkShapeBase.cpp
  tkSphereShape.cpp
  tkEngine.cpp
d3d9.lib(d3d9.dll) : warning LNK4006: __NULL_IMPORT_DESCRIPTOR already defined in d3dx9.lib(d3dx9_43.dll); second definition ignored
  tkEngine.vcxproj -> C:\GitHub\Programing\physicsDemo\Release\tkEngine.lib
