c:\github\programing\physicsdemo\tkengine\debugobjects\tkengine.pch
c:\github\programing\physicsdemo\tkengine\debugobjects\tkengine.pdb
c:\github\programing\physicsdemo\tkengine\debugobjects\tkengine.idb
c:\github\programing\physicsdemo\tkengine\debugobjects\tkengineprecompile.obj
c:\github\programing\physicsdemo\tkengine\debugobjects\tkprerender.obj
c:\github\programing\physicsdemo\tkengine\debugobjects\tkshadowmap.obj
c:\github\programing\physicsdemo\tkengine\debugobjects\tkcamera.obj
c:\github\programing\physicsdemo\tkengine\debugobjects\tkeffect.obj
c:\github\programing\physicsdemo\tkengine\debugobjects\tkeffectmanager.obj
c:\github\programing\physicsdemo\tkengine\debugobjects\tkindexbuffer.obj
c:\github\programing\physicsdemo\tkengine\debugobjects\tkmaterial.obj
c:\github\programing\physicsdemo\tkengine\debugobjects\tkprimitive.obj
c:\github\programing\physicsdemo\tkengine\debugobjects\tkrendercommandbuffer.obj
c:\github\programing\physicsdemo\tkengine\debugobjects\tkrendercontext.obj
c:\github\programing\physicsdemo\tkengine\debugobjects\tkrendertarget.obj
c:\github\programing\physicsdemo\tkengine\debugobjects\tkvertexbuffer.obj
c:\github\programing\physicsdemo\tkengine\debugobjects\tkkeyinput.obj
c:\github\programing\physicsdemo\tkengine\debugobjects\tkmath.obj
c:\github\programing\physicsdemo\tkengine\debugobjects\tkmatrix.obj
c:\github\programing\physicsdemo\tkengine\debugobjects\tkvector.obj
c:\github\programing\physicsdemo\tkengine\debugobjects\tkboxshape.obj
c:\github\programing\physicsdemo\tkengine\debugobjects\tkshapebase.obj
c:\github\programing\physicsdemo\tkengine\debugobjects\tksphereshape.obj
c:\github\programing\physicsdemo\tkengine\debugobjects\tkengine.obj
c:\github\programing\physicsdemo\tkengine\debugobjects\tkgameobject.obj
c:\github\programing\physicsdemo\tkengine\debugobjects\tkgameobjectmanager.obj
c:\github\programing\physicsdemo\tkengine\debugobjects\tkbloomrender.obj
c:\github\programing\physicsdemo\tkengine\debugobjects\tkedgerender.obj
c:\github\programing\physicsdemo\tkengine\debugobjects\tkposteffect.obj
c:\github\programing\physicsdemo\tkengine\debugobjects\tkidmap.obj
c:\github\programing\physicsdemo\debug\tkengine.lib
c:\github\programing\physicsdemo\tkengine\debugobjects\tkengine.tlog\cl.command.1.tlog
c:\github\programing\physicsdemo\tkengine\debugobjects\tkengine.tlog\cl.read.1.tlog
c:\github\programing\physicsdemo\tkengine\debugobjects\tkengine.tlog\cl.write.1.tlog
c:\github\programing\physicsdemo\tkengine\debugobjects\tkengine.tlog\lib-link.read.1.tlog
c:\github\programing\physicsdemo\tkengine\debugobjects\tkengine.tlog\lib-link.write.1.tlog
c:\github\programing\physicsdemo\tkengine\debugobjects\tkengine.tlog\lib.command.1.tlog
