  tkEnginePreCompile.cpp
  tkShapeBase.cpp
  Generating Code...
  Skipping... (no relevant changes detected)
  tkEngine.cpp
  tkSphereShape.cpp
  tkBoxShape.cpp
  tkVector.cpp
  tkMatrix.cpp
  tkMath.cpp
  tkVertexBuffer.cpp
  tkRenderTarget.cpp
  tkRenderContext.cpp
  tkRenderCommandBuffer.cpp
  tkPrimitive.cpp
  tkMaterial.cpp
  tkIndexBuffer.cpp
  tkEffectManager.cpp
  tkEffect.cpp
  tkCamera.cpp
  tkShadowMap.cpp
  tkPreRender.cpp
  tkIDMap.cpp
  tkPostEffect.cpp
  tkEdgeRender.cpp
  tkBloomRender.cpp
  tkgameobjectmanager.cpp
  tkGameObject.cpp
  tkKeyInput.cpp
d3d9.lib(d3d9.dll) : warning LNK4006: __NULL_IMPORT_DESCRIPTOR already defined in d3dx9.lib(d3dx9_43.dll); second definition ignored
d3d9.lib(d3d9.dll) : warning LNK4221: This object file does not define any previously undefined public symbols, so it will not be used by any link operation that consumes this library
  tkEngine.vcxproj -> C:\GitHub\Programing\physicsDemo\Debug\tkEngine.lib
